Start time Wed Nov 16 13:51:58 2016

Handled time: Wed Nov 16 13:52:02 2016, Duration: 30, File_Name: oi, Request Type (extension):  .gz, Arrival time: Wed Nov 16 13:52:02 2016

----/-----/-----/-----/-----
Close time Wed Nov 16 13:52:04 2016
Number Compressed 1
Number Static 0
----/-----/-----/-----/-----

Start time Wed Nov 16 13:53:24 2016

Handled time: Wed Nov 16 13:53:28 2016, Duration: 30, File_Name: oi, Request Type (extension):  .gz, Arrival time: Wed Nov 16 13:53:26 2016

----/-----/-----/-----/-----
Close time Wed Nov 16 13:53:33 2016
Number Compressed 1
Number Static 0
----/-----/-----/-----/-----

Start time Wed Nov 16 14:02:47 2016

----/-----/-----/-----/-----
Close time Wed Nov 16 14:13:23 2016
Number Compressed 0
Number Static 0
----/-----/-----/-----/-----

